Device:           Power Button
Kernel:           /dev/input/event2
Group:            1
Seat:             seat0, default
Capabilities:     keyboard 
Tap-to-click:     n/a
Tap-and-drag:     n/a
Tap drag lock:    n/a
Left-handed:      n/a
Nat.scrolling:    n/a
Middle emulation: n/a
Calibration:      n/a
Scroll methods:   none
Click methods:    none
Disable-w-typing: n/a
Accel profiles:   n/a
Rotation:         n/a

Device:           Power Button
Kernel:           /dev/input/event1
Group:            2
Seat:             seat0, default
Capabilities:     keyboard 
Tap-to-click:     n/a
Tap-and-drag:     n/a
Tap drag lock:    n/a
Left-handed:      n/a
Nat.scrolling:    n/a
Middle emulation: n/a
Calibration:      n/a
Scroll methods:   none
Click methods:    none
Disable-w-typing: n/a
Accel profiles:   n/a
Rotation:         n/a

Device:           Sleep Button
Kernel:           /dev/input/event0
Group:            3
Seat:             seat0, default
Capabilities:     keyboard 
Tap-to-click:     n/a
Tap-and-drag:     n/a
Tap drag lock:    n/a
Left-handed:      n/a
Nat.scrolling:    n/a
Middle emulation: n/a
Calibration:      n/a
Scroll methods:   none
Click methods:    none
Disable-w-typing: n/a
Accel profiles:   n/a
Rotation:         n/a

Device:           Logitech M720 Triathlon
Kernel:           /dev/input/event12
Group:            4
Seat:             seat0, default
Capabilities:     keyboard pointer 
Tap-to-click:     n/a
Tap-and-drag:     n/a
Tap drag lock:    n/a
Left-handed:      disabled
Nat.scrolling:    disabled
Middle emulation: disabled
Calibration:      n/a
Scroll methods:   button
Click methods:    none
Disable-w-typing: n/a
Accel profiles:   flat *adaptive
Rotation:         n/a

Device:           Logitech K850
Kernel:           /dev/input/event4
Group:            5
Seat:             seat0, default
Capabilities:     keyboard pointer 
Tap-to-click:     n/a
Tap-and-drag:     n/a
Tap drag lock:    n/a
Left-handed:      n/a
Nat.scrolling:    disabled
Middle emulation: n/a
Calibration:      n/a
Scroll methods:   none
Click methods:    none
Disable-w-typing: n/a
Accel profiles:   n/a
Rotation:         n/a

Device:           Logitech Wireless Mouse
Kernel:           /dev/input/event13
Group:            6
Seat:             seat0, default
Capabilities:     pointer 
Tap-to-click:     n/a
Tap-and-drag:     n/a
Tap drag lock:    n/a
Left-handed:      disabled
Nat.scrolling:    disabled
Middle emulation: disabled
Calibration:      n/a
Scroll methods:   button
Click methods:    none
Disable-w-typing: n/a
Accel profiles:   flat *adaptive
Rotation:         n/a

Device:           Keychron K8 Keychron K8
Kernel:           /dev/input/event22
Group:            7
Seat:             seat0, default
Capabilities:     keyboard 
Tap-to-click:     n/a
Tap-and-drag:     n/a
Tap drag lock:    n/a
Left-handed:      n/a
Nat.scrolling:    n/a
Middle emulation: n/a
Calibration:      n/a
Scroll methods:   none
Click methods:    none
Disable-w-typing: n/a
Accel profiles:   n/a
Rotation:         n/a

Device:           Keychron K8 Keychron K8
Kernel:           /dev/input/event23
Group:            7
Seat:             seat0, default
Capabilities:     keyboard pointer 
Tap-to-click:     n/a
Tap-and-drag:     n/a
Tap drag lock:    n/a
Left-handed:      n/a
Nat.scrolling:    disabled
Middle emulation: n/a
Calibration:      n/a
Scroll methods:   none
Click methods:    none
Disable-w-typing: n/a
Accel profiles:   n/a
Rotation:         n/a

